  Novas.cpp
c:\users\issam-msi-note\desktop\project-s5\projet s5\projet s5\novas.cpp(34): warning C4018: '<' : incompatibilité signed/unsigned
c:\users\issam-msi-note\desktop\project-s5\projet s5\projet s5\novas.cpp(48): warning C4018: '<' : incompatibilité signed/unsigned
c:\users\issam-msi-note\desktop\project-s5\projet s5\projet s5\novas.cpp(60): warning C4018: '<' : incompatibilité signed/unsigned
c:\users\issam-msi-note\desktop\project-s5\projet s5\projet s5\novas.cpp(79): warning C4018: '<' : incompatibilité signed/unsigned
c:\users\issam-msi-note\desktop\project-s5\projet s5\projet s5\novas.cpp(87): warning C4018: '<' : incompatibilité signed/unsigned
c:\users\issam-msi-note\desktop\project-s5\projet s5\projet s5\novas.cpp(89): warning C4018: '<' : incompatibilité signed/unsigned
c:\users\issam-msi-note\desktop\project-s5\projet s5\projet s5\novas.cpp(114): warning C4018: '<' : incompatibilité signed/unsigned
c:\users\issam-msi-note\desktop\project-s5\projet s5\projet s5\novas.cpp(119): warning C4244: 'argument' : conversion de 'long double' en 'unsigned int', perte possible de données
c:\users\issam-msi-note\desktop\project-s5\projet s5\projet s5\novas.cpp(121): warning C4244: 'argument' : conversion de 'long double' en 'unsigned int', perte possible de données
c:\users\issam-msi-note\desktop\project-s5\projet s5\projet s5\novas.cpp(123): warning C4244: 'initialisation' : conversion de 'long double' en 'int', perte possible de données
c:\users\issam-msi-note\desktop\project-s5\projet s5\projet s5\novas.cpp(123): warning C4018: '<' : incompatibilité signed/unsigned
c:\users\issam-msi-note\desktop\project-s5\projet s5\projet s5\novas.cpp(128): warning C4244: 'argument' : conversion de 'long double' en 'unsigned int', perte possible de données
c:\users\issam-msi-note\desktop\project-s5\projet s5\projet s5\novas.cpp(129): warning C4244: 'argument' : conversion de 'long double' en 'unsigned int', perte possible de données
c:\users\issam-msi-note\desktop\project-s5\projet s5\projet s5\novas.cpp(134): warning C4244: '=' : conversion de 'long double' en 'int', perte possible de données
c:\users\issam-msi-note\desktop\project-s5\projet s5\projet s5\novas.cpp(76): warning C4101: 'k' : variable locale non référencée
  Génération de code en cours...
  Compilation en cours...
  main.cpp
c:\users\issam-msi-note\desktop\project-s5\projet s5\projet s5\main.cpp(15): warning C4129: 'N' : caractère de séquence d'échappement non reconnu
  Génération de code en cours...
  Compilation en cours...
  utils.cpp
c:\users\issam-msi-note\desktop\project-s5\projet s5\projet s5\utils.cpp(66): warning C4018: '<' : incompatibilité signed/unsigned
c:\users\issam-msi-note\desktop\project-s5\projet s5\projet s5\utils.cpp(298): warning C4267: 'initialisation' : conversion de 'size_t' en 'short', perte possible de données
c:\users\issam-msi-note\desktop\project-s5\projet s5\projet s5\utils.cpp(307): warning C4244: '+=' : conversion de 'double' en 'float', perte possible de données
  Génération de code en cours...
  Projet S5.vcxproj -> C:\Users\Issam-MSI-Note\Desktop\Project-S5\Projet S5\Debug\Projet S5.exe
  Projet S5.vcxproj -> C:\Users\Issam-MSI-Note\Desktop\Project-S5\Projet S5\Debug\Projet S5.pdb (Partial PDB)
